2017-08-29 23:32:40  task  INFO       rule: txt\full_cover\f_l_dob_email.txt; pairs number: 0
2017-08-29 23:33:05  task  INFO       rule: txt\full_cover\f_l_gender_addr.txt; pairs number: 11385
2017-08-29 23:33:07  task  INFO       rule: txt\full_cover\f_l_ssn_email.txt; pairs number: 0
2017-08-29 23:33:15  task  INFO       rule: txt\full_cover\f_l_addr_middle.txt; pairs number: 2611
2017-08-29 23:33:18  task  INFO       rule: txt\full_cover\f_l_gender_middle.txt; pairs number: 9364
2017-08-29 23:33:18  task  INFO       rule: txt\full_cover\f_l_addr_email.txt; pairs number: 2
2017-08-29 23:33:20  task  INFO       rule: txt\full_cover\f_l_middle_email.txt; pairs number: 62
2017-08-29 23:33:21  task  INFO       rule: txt\full_cover\f_l_phone_email.txt; pairs number: 0
2017-08-29 23:33:30  task  INFO       rule: txt\full_cover\f_l_gender_phone.txt; pairs number: 20849
2017-08-29 23:33:52  task  INFO       rule: txt\full_cover\f_dob_gender_ssn.txt; pairs number: 15025
2017-08-29 23:33:57  task  INFO       rule: txt\full_cover\f_dob_gender_addr.txt; pairs number: 10964
2017-08-29 23:34:08  task  INFO       rule: txt\full_cover\f_dob_addr_ssn.txt; pairs number: 4951
2017-08-29 23:34:08  task  INFO       rule: txt\full_cover\f_dob_ssn_phone.txt; pairs number: 2961
2017-08-29 23:34:25  task  INFO       rule: txt\full_cover\f_dob_ssn_middle.txt; pairs number: 2760
2017-08-29 23:34:26  task  INFO       rule: txt\full_cover\f_dob_addr_phone.txt; pairs number: 6026
2017-08-29 23:34:33  task  INFO       rule: txt\full_cover\f_dob_addr_middle.txt; pairs number: 2546
2017-08-29 23:34:35  task  INFO       rule: txt\full_cover\f_dob_middle_email.txt; pairs number: 0
2017-08-29 23:34:36  task  INFO       rule: txt\full_cover\f_dob_phone_middle.txt; pairs number: 4400
2017-08-29 23:34:42  task  INFO       rule: txt\full_cover\f_gender_ssn_middle.txt; pairs number: 2160
2017-08-29 23:34:42  task  INFO       rule: txt\full_cover\f_l_gender_email.txt; pairs number: 30727
2017-08-29 23:34:42  task  INFO       rule: txt\full_cover\f_dob_gender_phone.txt; pairs number: 19903
2017-08-29 23:34:47  task  INFO       rule: txt\full_cover\f_gender_addr_email.txt; pairs number: 26
2017-08-29 23:34:50  task  INFO       rule: txt\full_cover\f_gender_phone_email.txt; pairs number: 0
2017-08-29 23:34:52  task  INFO       rule: txt\full_cover\f_gender_middle_email.txt; pairs number: 145
2017-08-29 23:34:53  task  INFO       rule: txt\full_cover\f_gender_addr_middle.txt; pairs number: 2815
2017-08-29 23:34:59  task  INFO       rule: txt\full_cover\f_ssn_addr_middle.txt; pairs number: 916
2017-08-29 23:35:02  task  INFO       rule: txt\full_cover\f_ssn_addr_email.txt; pairs number: 0
2017-08-29 23:35:02  task  INFO       rule: txt\full_cover\f_gender_addr_phone.txt; pairs number: 6358
2017-08-29 23:35:03  task  INFO       rule: txt\full_cover\f_ssn_addr_phone.txt; pairs number: 1011
2017-08-29 23:35:05  task  INFO       rule: txt\full_cover\f_ssn_middle_email.txt; pairs number: 0
2017-08-29 23:35:05  task  INFO       rule: txt\full_cover\f_ssn_phone_email.txt; pairs number: 0
2017-08-29 23:35:05  task  INFO       rule: txt\full_cover\f_gender_phone_middle.txt; pairs number: 4418
2017-08-29 23:35:08  task  INFO       rule: txt\full_cover\f_addr_middle_email.txt; pairs number: 0
2017-08-29 23:35:09  task  INFO       rule: txt\full_cover\f_addr_phone_email.txt; pairs number: 0
2017-08-29 23:35:10  task  INFO       rule: txt\full_cover\f_ssn_phone_middle.txt; pairs number: 394
2017-08-29 23:35:10  task  INFO       rule: txt\full_cover\f_phone_middle_email.txt; pairs number: 0
2017-08-29 23:35:16  task  INFO       rule: txt\full_cover\f_addr_phone_middle.txt; pairs number: 1360
2017-08-29 23:35:19  task  INFO       rule: txt\full_cover\l_dob_ssn_middle.txt; pairs number: 2554
2017-08-29 23:35:19  task  INFO       rule: txt\full_cover\l_dob_addr_middle.txt; pairs number: 2788
2017-08-29 23:35:29  task  INFO       rule: txt\full_cover\l_dob_phone_middle.txt; pairs number: 5117
2017-08-29 23:35:31  task  INFO       rule: txt\full_cover\l_gender_ssn_phone.txt; pairs number: 2502
2017-08-29 23:35:37  task  INFO       rule: txt\full_cover\l_gender_ssn_middle.txt; pairs number: 1860
2017-08-29 23:35:41  task  INFO       rule: txt\full_cover\l_gender_ssn_addr.txt; pairs number: 3977
2017-08-29 23:35:45  task  INFO       rule: txt\full_cover\l_gender_addr_middle.txt; pairs number: 2685
2017-08-29 23:35:47  task  INFO       rule: txt\full_cover\l_dob_gender_middle.txt; pairs number: 7715
2017-08-29 23:35:50  task  INFO       rule: txt\full_cover\l_ssn_addr_middle.txt; pairs number: 886
2017-08-29 23:35:53  task  INFO       rule: txt\full_cover\l_ssn_phone_middle.txt; pairs number: 339
2017-08-29 23:35:55  task  INFO       rule: txt\full_cover\l_gender_addr_phone.txt; pairs number: 7286
2017-08-29 23:35:57  task  INFO       rule: txt\full_cover\l_addr_phone_middle.txt; pairs number: 1596
2017-08-29 23:35:57  task  INFO       rule: txt\full_cover\dob_gender_ssn_email.txt; pairs number: 0
2017-08-29 23:36:02  task  INFO       rule: txt\full_cover\l_gender_phone_middle.txt; pairs number: 5115
2017-08-29 23:36:06  task  INFO       rule: txt\full_cover\dob_gender_addr_email.txt; pairs number: 0
2017-08-29 23:36:07  task  INFO       rule: txt\full_cover\dob_gender_ssn_middle.txt; pairs number: 2025
2017-08-29 23:36:11  task  INFO       rule: txt\full_cover\dob_gender_phone_email.txt; pairs number: 0
2017-08-29 23:36:11  task  INFO       rule: txt\full_cover\dob_gender_addr_middle.txt; pairs number: 2594
2017-08-29 23:36:13  task  INFO       rule: txt\full_cover\dob_gender_middle_email.txt; pairs number: 0
2017-08-29 23:36:20  task  INFO       rule: txt\full_cover\dob_ssn_addr_phone.txt; pairs number: 919
2017-08-29 23:36:21  task  INFO       rule: txt\full_cover\dob_gender_addr_phone.txt; pairs number: 6848
2017-08-29 23:36:21  task  INFO       rule: txt\full_cover\dob_ssn_addr_middle.txt; pairs number: 906
2017-08-29 23:36:23  task  INFO       rule: txt\full_cover\dob_ssn_addr_email.txt; pairs number: 0
2017-08-29 23:36:24  task  INFO       rule: txt\full_cover\dob_ssn_phone_email.txt; pairs number: 0
2017-08-29 23:36:24  task  INFO       rule: txt\full_cover\dob_ssn_middle_email.txt; pairs number: 0
2017-08-29 23:36:26  task  INFO       rule: txt\full_cover\dob_gender_phone_middle.txt; pairs number: 5023
2017-08-29 23:36:28  task  INFO       rule: txt\full_cover\dob_phone_middle_email.txt; pairs number: 0
2017-08-29 23:36:29  task  INFO       rule: txt\full_cover\dob_addr_phone_email.txt; pairs number: 0
2017-08-29 23:36:29  task  INFO       rule: txt\full_cover\dob_ssn_phone_middle.txt; pairs number: 335
2017-08-29 23:36:34  task  INFO       rule: txt\full_cover\gender_ssn_phone_middle.txt; pairs number: 404
2017-08-29 23:36:37  task  INFO       rule: txt\full_cover\gender_addr_phone_middle.txt; pairs number: 1553
2017-08-29 23:36:38  task  INFO       rule: txt\full_cover\gender_ssn_addr_email.txt; pairs number: 0
2017-08-29 23:36:38  task  INFO       rule: txt\full_cover\gender_ssn_addr_middle.txt; pairs number: 729
2017-08-29 23:36:40  task  INFO       rule: txt\full_cover\gender_ssn_middle_email.txt; pairs number: 0
2017-08-29 23:36:40  task  INFO       rule: txt\full_cover\gender_ssn_phone_email.txt; pairs number: 0
2017-08-29 23:36:42  task  INFO       rule: txt\full_cover\gender_addr_phone_email.txt; pairs number: 0
2017-08-29 23:36:42  task  INFO       rule: txt\full_cover\dob_addr_phone_middle.txt; pairs number: 1546
2017-08-29 23:36:42  task  INFO       rule: txt\full_cover\ssn_addr_phone_email.txt; pairs number: 0
2017-08-29 23:36:44  task  INFO       rule: txt\full_cover\ssn_phone_middle_email.txt; pairs number: 0
2017-08-29 23:36:44  task  INFO       rule: txt\full_cover\addr_phone_middle_email.txt; pairs number: 0
2017-08-29 23:36:50  task  INFO       rule: txt\full_cover\ssn_addr_phone_middle.txt; pairs number: 151
2017-08-29 23:37:22  task  INFO       rule: txt\full_cover\f_l_addr.txt; pairs number: 12460
2017-08-29 23:37:25  task  INFO       rule: txt\full_cover\f_l_ssn.txt; pairs number: 16306
2017-08-29 23:37:41  task  INFO       rule: txt\full_cover\f_l_phone.txt; pairs number: 22147
2017-08-29 23:38:06  task  INFO       rule: txt\full_cover\f_dob_ssn.txt; pairs number: 18143
2017-08-29 23:38:32  task  INFO       rule: txt\full_cover\f_dob_addr.txt; pairs number: 12024
2017-08-29 23:38:47  task  INFO       rule: txt\full_cover\f_l_dob.txt; pairs number: 37238
2017-08-29 23:38:50  task  INFO       rule: txt\full_cover\f_dob_email.txt; pairs number: 5
2017-08-29 23:39:23  task  INFO       rule: txt\full_cover\f_l_email.txt; pairs number: 32105
2017-08-29 23:39:39  task  INFO       rule: txt\full_cover\f_ssn_addr.txt; pairs number: 5530
2017-08-29 23:39:44  task  INFO       rule: txt\full_cover\f_dob_phone.txt; pairs number: 21154
2017-08-29 23:39:47  task  INFO       rule: txt\full_cover\f_ssn_email.txt; pairs number: 0
2017-08-29 23:39:53  task  INFO       rule: txt\full_cover\f_ssn_phone.txt; pairs number: 3674
2017-08-29 23:39:59  task  INFO       rule: txt\full_cover\f_ssn_gender.txt; pairs number: 17377
2017-08-29 23:40:37  task  INFO       rule: txt\full_cover\f_gender_phone.txt; pairs number: 21880
2017-08-29 23:40:48  task  INFO       rule: txt\full_cover\f_dob_gender.txt; pairs number: 69050
2017-08-29 23:40:52  task  INFO       rule: txt\full_cover\f_addr_email.txt; pairs number: 26
2017-08-29 23:40:55  task  INFO       rule: txt\full_cover\f_phone_email.txt; pairs number: 0
2017-08-29 23:40:57  task  INFO       rule: txt\full_cover\f_addr_phone.txt; pairs number: 6723
2017-08-29 23:41:57  task  INFO       rule: txt\full_cover\l_dob_ssn.txt; pairs number: 16608
2017-08-29 23:42:18  task  INFO       rule: txt\full_cover\l_dob_gender.txt; pairs number: 42119
2017-08-29 23:42:48  task  INFO       rule: txt\full_cover\l_dob_addr.txt; pairs number: 13395
2017-08-29 23:42:51  task  INFO       rule: txt\full_cover\l_dob_email.txt; pairs number: 21
2017-08-29 23:43:09  task  INFO       rule: txt\full_cover\l_dob_phone.txt; pairs number: 24168
2017-08-29 23:43:23  task  INFO       rule: txt\full_cover\l_ssn_gender.txt; pairs number: 14213
2017-08-29 23:43:33  task  INFO       rule: txt\full_cover\l_ssn_addr.txt; pairs number: 5573
2017-08-29 23:43:34  task  INFO       rule: txt\full_cover\l_ssn_phone.txt; pairs number: 3335
2017-08-29 23:43:36  task  INFO       rule: txt\full_cover\l_ssn_email.txt; pairs number: 0
2017-08-29 23:44:29  task  INFO       rule: txt\full_cover\l_gender_addr.txt; pairs number: 27697
2017-08-29 23:44:49  task  INFO       rule: txt\full_cover\l_addr_phone.txt; pairs number: 7771
2017-08-29 23:44:52  task  INFO       rule: txt\full_cover\l_addr_email.txt; pairs number: 85
2017-08-29 23:44:56  task  INFO       rule: txt\full_cover\l_phone_email.txt; pairs number: 0
2017-08-29 23:44:57  task  INFO       rule: txt\full_cover\f_gender_email.txt; pairs number: 153147
2017-08-29 23:45:13  task  INFO       rule: txt\full_cover\l_gender_phone.txt; pairs number: 24714
2017-08-29 23:45:15  task  INFO       rule: txt\full_cover\dob_ssn_addr.txt; pairs number: 6036
2017-08-29 23:45:18  task  INFO       rule: txt\full_cover\dob_ssn_email.txt; pairs number: 0
2017-08-29 23:45:26  task  INFO       rule: txt\full_cover\dob_ssn_phone.txt; pairs number: 3379
2017-08-29 23:46:13  task  INFO       rule: txt\full_cover\dob_gender_phone.txt; pairs number: 23680
2017-08-29 23:46:16  task  INFO       rule: txt\full_cover\dob_gender_email.txt; pairs number: 123
2017-08-29 23:46:24  task  INFO       rule: txt\full_cover\dob_ssn_gender.txt; pairs number: 16110
2017-08-29 23:46:28  task  INFO       rule: txt\full_cover\dob_addr_email.txt; pairs number: 0
2017-08-29 23:46:31  task  INFO       rule: txt\full_cover\dob_phone_email.txt; pairs number: 0
2017-08-29 23:46:33  task  INFO       rule: txt\full_cover\dob_gender_addr.txt; pairs number: 13910
2017-08-29 23:46:42  task  INFO       rule: txt\full_cover\dob_addr_phone.txt; pairs number: 7309
2017-08-29 23:46:45  task  INFO       rule: txt\full_cover\ssn_gender_email.txt; pairs number: 0
2017-08-29 23:46:46  task  INFO       rule: txt\full_cover\ssn_gender_addr.txt; pairs number: 5126
2017-08-29 23:46:48  task  INFO       rule: txt\full_cover\ssn_gender_phone.txt; pairs number: 3408
2017-08-29 23:46:49  task  INFO       rule: txt\full_cover\ssn_addr_email.txt; pairs number: 0
2017-08-29 23:46:52  task  INFO       rule: txt\full_cover\ssn_phone_email.txt; pairs number: 0
2017-08-29 23:46:58  task  INFO       rule: txt\full_cover\ssn_addr_phone.txt; pairs number: 1198
2017-08-29 23:46:58  task  INFO       rule: txt\full_cover\gender_addr_email.txt; pairs number: 517
2017-08-29 23:47:02  task  INFO       rule: txt\full_cover\gender_phone_email.txt; pairs number: 0
2017-08-29 23:47:22  task  INFO       rule: txt\full_cover\addr_phone_emai.txt; pairs number: 8147
2017-08-29 23:47:29  task  INFO       rule: txt\full_cover\f_gender_addr.txt; pairs number: 144028
2017-08-29 23:47:29  task  INFO       rule: txt\full_cover\gender_addr_phone.txt; pairs number: 7644
2017-08-29 23:51:53  concurrent.futures ERROR      exception calling callback for <Future at 0x24fd330feb8 state=finished returned list>
Traceback (most recent call last):
  File "D:\anacoda\lib\concurrent\futures\_base.py", line 297, in _invoke_callbacks
    callback(self)
  File "C:\Users\alex\Desktop\pcm\deterministic method\pipeline\deterministic_rule_pipeline_new_version.py", line 217, in pair2csv_helper_output
    pair1 = int(pair[0])
IndexError: list index out of range
2017-08-30 10:55:53  concurrent.futures ERROR      exception calling callback for <Future at 0x27efec48550 state=finished raised OperationalError>
Traceback (most recent call last):
  File "D:\anacoda\lib\site-packages\sqlalchemy\engine\base.py", line 721, in _commit_impl
    self.engine.dialect.do_commit(self.connection)
  File "D:\anacoda\lib\site-packages\sqlalchemy\engine\default.py", line 443, in do_commit
    dbapi_connection.commit()
cx_Oracle.OperationalError: ORA-03113: end-of-file on communication channel
Process ID: 17125
Session ID: 55 Serial number: 38315

The above exception was the direct cause of the following exception:

Traceback (most recent call last):
  File "D:\anacoda\lib\concurrent\futures\_base.py", line 297, in _invoke_callbacks
    callback(self)
  File "deterministic_rule_pipeline_new_version.py", line 203, in pair2csv_helper_output
    results = future.result()
  File "D:\anacoda\lib\concurrent\futures\_base.py", line 398, in result
    return self.__get_result()
  File "D:\anacoda\lib\concurrent\futures\_base.py", line 357, in __get_result
    raise self._exception
  File "D:\anacoda\lib\concurrent\futures\thread.py", line 55, in run
    result = self.fn(*self.args, **self.kwargs)
  File "deterministic_rule_pipeline_new_version.py", line 231, in pair2csv_helper_query
    res.close()
  File "D:\anacoda\lib\site-packages\sqlalchemy\engine\base.py", line 1944, in __exit__
    self.transaction.commit()
  File "D:\anacoda\lib\site-packages\sqlalchemy\engine\base.py", line 1632, in commit
    self._do_commit()
  File "D:\anacoda\lib\site-packages\sqlalchemy\engine\base.py", line 1663, in _do_commit
    self.connection._commit_impl()
  File "D:\anacoda\lib\site-packages\sqlalchemy\engine\base.py", line 723, in _commit_impl
    self._handle_dbapi_exception(e, None, None, None, None)
  File "D:\anacoda\lib\site-packages\sqlalchemy\engine\base.py", line 1402, in _handle_dbapi_exception
    exc_info
  File "D:\anacoda\lib\site-packages\sqlalchemy\util\compat.py", line 203, in raise_from_cause
    reraise(type(exception), exception, tb=exc_tb, cause=cause)
  File "D:\anacoda\lib\site-packages\sqlalchemy\util\compat.py", line 186, in reraise
    raise value.with_traceback(tb)
  File "D:\anacoda\lib\site-packages\sqlalchemy\engine\base.py", line 721, in _commit_impl
    self.engine.dialect.do_commit(self.connection)
  File "D:\anacoda\lib\site-packages\sqlalchemy\engine\default.py", line 443, in do_commit
    dbapi_connection.commit()
sqlalchemy.exc.OperationalError: (cx_Oracle.OperationalError) ORA-03113: end-of-file on communication channel
Process ID: 17125
Session ID: 55 Serial number: 38315
2017-08-30 10:55:53  concurrent.futures ERROR      exception calling callback for <Future at 0x27efec48400 state=finished raised OperationalError>
Traceback (most recent call last):
  File "D:\anacoda\lib\site-packages\sqlalchemy\engine\base.py", line 721, in _commit_impl
    self.engine.dialect.do_commit(self.connection)
  File "D:\anacoda\lib\site-packages\sqlalchemy\engine\default.py", line 443, in do_commit
    dbapi_connection.commit()
cx_Oracle.OperationalError: ORA-03113: end-of-file on communication channel
Process ID: 17127
Session ID: 63 Serial number: 11339

The above exception was the direct cause of the following exception:

Traceback (most recent call last):
  File "D:\anacoda\lib\concurrent\futures\_base.py", line 297, in _invoke_callbacks
    callback(self)
  File "deterministic_rule_pipeline_new_version.py", line 203, in pair2csv_helper_output
    results = future.result()
  File "D:\anacoda\lib\concurrent\futures\_base.py", line 398, in result
    return self.__get_result()
  File "D:\anacoda\lib\concurrent\futures\_base.py", line 357, in __get_result
    raise self._exception
  File "D:\anacoda\lib\concurrent\futures\thread.py", line 55, in run
    result = self.fn(*self.args, **self.kwargs)
  File "deterministic_rule_pipeline_new_version.py", line 231, in pair2csv_helper_query
    res.close()
  File "D:\anacoda\lib\site-packages\sqlalchemy\engine\base.py", line 1944, in __exit__
    self.transaction.commit()
  File "D:\anacoda\lib\site-packages\sqlalchemy\engine\base.py", line 1632, in commit
    self._do_commit()
  File "D:\anacoda\lib\site-packages\sqlalchemy\engine\base.py", line 1663, in _do_commit
    self.connection._commit_impl()
  File "D:\anacoda\lib\site-packages\sqlalchemy\engine\base.py", line 723, in _commit_impl
    self._handle_dbapi_exception(e, None, None, None, None)
  File "D:\anacoda\lib\site-packages\sqlalchemy\engine\base.py", line 1402, in _handle_dbapi_exception
    exc_info
  File "D:\anacoda\lib\site-packages\sqlalchemy\util\compat.py", line 203, in raise_from_cause
    reraise(type(exception), exception, tb=exc_tb, cause=cause)
  File "D:\anacoda\lib\site-packages\sqlalchemy\util\compat.py", line 186, in reraise
    raise value.with_traceback(tb)
  File "D:\anacoda\lib\site-packages\sqlalchemy\engine\base.py", line 721, in _commit_impl
    self.engine.dialect.do_commit(self.connection)
  File "D:\anacoda\lib\site-packages\sqlalchemy\engine\default.py", line 443, in do_commit
    dbapi_connection.commit()
sqlalchemy.exc.OperationalError: (cx_Oracle.OperationalError) ORA-03113: end-of-file on communication channel
Process ID: 17127
Session ID: 63 Serial number: 11339
2017-08-30 10:55:53  concurrent.futures ERROR      exception calling callback for <Future at 0x27efec485f8 state=finished raised OperationalError>
Traceback (most recent call last):
  File "D:\anacoda\lib\site-packages\sqlalchemy\engine\base.py", line 721, in _commit_impl
    self.engine.dialect.do_commit(self.connection)
  File "D:\anacoda\lib\site-packages\sqlalchemy\engine\default.py", line 443, in do_commit
    dbapi_connection.commit()
cx_Oracle.OperationalError: ORA-03113: end-of-file on communication channel
Process ID: 17121
Session ID: 59 Serial number: 24501

The above exception was the direct cause of the following exception:

Traceback (most recent call last):
  File "D:\anacoda\lib\concurrent\futures\_base.py", line 297, in _invoke_callbacks
    callback(self)
  File "deterministic_rule_pipeline_new_version.py", line 203, in pair2csv_helper_output
    results = future.result()
  File "D:\anacoda\lib\concurrent\futures\_base.py", line 398, in result
    return self.__get_result()
  File "D:\anacoda\lib\concurrent\futures\_base.py", line 357, in __get_result
    raise self._exception
  File "D:\anacoda\lib\concurrent\futures\thread.py", line 55, in run
    result = self.fn(*self.args, **self.kwargs)
  File "deterministic_rule_pipeline_new_version.py", line 231, in pair2csv_helper_query
    res.close()
  File "D:\anacoda\lib\site-packages\sqlalchemy\engine\base.py", line 1944, in __exit__
    self.transaction.commit()
  File "D:\anacoda\lib\site-packages\sqlalchemy\engine\base.py", line 1632, in commit
    self._do_commit()
  File "D:\anacoda\lib\site-packages\sqlalchemy\engine\base.py", line 1663, in _do_commit
    self.connection._commit_impl()
  File "D:\anacoda\lib\site-packages\sqlalchemy\engine\base.py", line 723, in _commit_impl
    self._handle_dbapi_exception(e, None, None, None, None)
  File "D:\anacoda\lib\site-packages\sqlalchemy\engine\base.py", line 1402, in _handle_dbapi_exception
    exc_info
  File "D:\anacoda\lib\site-packages\sqlalchemy\util\compat.py", line 203, in raise_from_cause
    reraise(type(exception), exception, tb=exc_tb, cause=cause)
  File "D:\anacoda\lib\site-packages\sqlalchemy\util\compat.py", line 186, in reraise
    raise value.with_traceback(tb)
  File "D:\anacoda\lib\site-packages\sqlalchemy\engine\base.py", line 721, in _commit_impl
    self.engine.dialect.do_commit(self.connection)
  File "D:\anacoda\lib\site-packages\sqlalchemy\engine\default.py", line 443, in do_commit
    dbapi_connection.commit()
sqlalchemy.exc.OperationalError: (cx_Oracle.OperationalError) ORA-03113: end-of-file on communication channel
Process ID: 17121
Session ID: 59 Serial number: 24501
2017-08-30 10:55:53  concurrent.futures ERROR      exception calling callback for <Future at 0x27efec484a8 state=finished raised OperationalError>
Traceback (most recent call last):
  File "D:\anacoda\lib\site-packages\sqlalchemy\engine\base.py", line 721, in _commit_impl
    self.engine.dialect.do_commit(self.connection)
  File "D:\anacoda\lib\site-packages\sqlalchemy\engine\default.py", line 443, in do_commit
    dbapi_connection.commit()
cx_Oracle.OperationalError: ORA-03113: end-of-file on communication channel
Process ID: 17123
Session ID: 41 Serial number: 10061

The above exception was the direct cause of the following exception:

Traceback (most recent call last):
  File "D:\anacoda\lib\concurrent\futures\_base.py", line 297, in _invoke_callbacks
    callback(self)
  File "deterministic_rule_pipeline_new_version.py", line 203, in pair2csv_helper_output
    results = future.result()
  File "D:\anacoda\lib\concurrent\futures\_base.py", line 398, in result
    return self.__get_result()
  File "D:\anacoda\lib\concurrent\futures\_base.py", line 357, in __get_result
    raise self._exception
  File "D:\anacoda\lib\concurrent\futures\thread.py", line 55, in run
    result = self.fn(*self.args, **self.kwargs)
  File "deterministic_rule_pipeline_new_version.py", line 231, in pair2csv_helper_query
    res.close()
  File "D:\anacoda\lib\site-packages\sqlalchemy\engine\base.py", line 1944, in __exit__
    self.transaction.commit()
  File "D:\anacoda\lib\site-packages\sqlalchemy\engine\base.py", line 1632, in commit
    self._do_commit()
  File "D:\anacoda\lib\site-packages\sqlalchemy\engine\base.py", line 1663, in _do_commit
    self.connection._commit_impl()
  File "D:\anacoda\lib\site-packages\sqlalchemy\engine\base.py", line 723, in _commit_impl
    self._handle_dbapi_exception(e, None, None, None, None)
  File "D:\anacoda\lib\site-packages\sqlalchemy\engine\base.py", line 1402, in _handle_dbapi_exception
    exc_info
  File "D:\anacoda\lib\site-packages\sqlalchemy\util\compat.py", line 203, in raise_from_cause
    reraise(type(exception), exception, tb=exc_tb, cause=cause)
  File "D:\anacoda\lib\site-packages\sqlalchemy\util\compat.py", line 186, in reraise
    raise value.with_traceback(tb)
  File "D:\anacoda\lib\site-packages\sqlalchemy\engine\base.py", line 721, in _commit_impl
    self.engine.dialect.do_commit(self.connection)
  File "D:\anacoda\lib\site-packages\sqlalchemy\engine\default.py", line 443, in do_commit
    dbapi_connection.commit()
sqlalchemy.exc.OperationalError: (cx_Oracle.OperationalError) ORA-03113: end-of-file on communication channel
Process ID: 17123
Session ID: 41 Serial number: 10061
2017-08-30 11:38:35  concurrent.futures ERROR      exception calling callback for <Future at 0x27e8d14c9e8 state=finished returned list>
Traceback (most recent call last):
  File "D:\anacoda\lib\concurrent\futures\_base.py", line 297, in _invoke_callbacks
    callback(self)
  File "deterministic_rule_pipeline_new_version.py", line 209, in pair2csv_helper_output
    with open(output_file, "a", newline="") as f:
PermissionError: [Errno 13] Permission denied: 'process_full_cover.csv'
